{"/Users/terrarum/Development/adventofcode2017/src/day1/index.js": {"path":"/Users/terrarum/Development/adventofcode2017/src/day1/index.js","statementMap":{"0":{"start":{"line":1,"column":22},"end":{"line":7,"column":1}},"1":{"start":{"line":2,"column":2},"end":{"line":2,"column":13}},"2":{"start":{"line":3,"column":2},"end":{"line":5,"column":3}},"3":{"start":{"line":4,"column":4},"end":{"line":4,"column":14}},"4":{"start":{"line":6,"column":2},"end":{"line":6,"column":37}},"5":{"start":{"line":9,"column":26},"end":{"line":15,"column":1}},"6":{"start":{"line":10,"column":2},"end":{"line":10,"column":33}},"7":{"start":{"line":11,"column":2},"end":{"line":13,"column":3}},"8":{"start":{"line":12,"column":4},"end":{"line":12,"column":31}},"9":{"start":{"line":14,"column":2},"end":{"line":14,"column":37}},"10":{"start":{"line":17,"column":16},"end":{"line":32,"column":1}},"11":{"start":{"line":18,"column":2},"end":{"line":18,"column":27}},"12":{"start":{"line":19,"column":21},"end":{"line":19,"column":36}},"13":{"start":{"line":20,"column":14},"end":{"line":20,"column":15}},"14":{"start":{"line":22,"column":2},"end":{"line":29,"column":5}},"15":{"start":{"line":23,"column":16},"end":{"line":23,"column":32}},"16":{"start":{"line":24,"column":20},"end":{"line":24,"column":52}},"17":{"start":{"line":26,"column":4},"end":{"line":28,"column":5}},"18":{"start":{"line":27,"column":6},"end":{"line":27,"column":19}},"19":{"start":{"line":31,"column":2},"end":{"line":31,"column":15}},"20":{"start":{"line":34,"column":16},"end":{"line":48,"column":1}},"21":{"start":{"line":35,"column":2},"end":{"line":35,"column":27}},"22":{"start":{"line":36,"column":21},"end":{"line":36,"column":36}},"23":{"start":{"line":37,"column":14},"end":{"line":37,"column":15}},"24":{"start":{"line":39,"column":2},"end":{"line":45,"column":5}},"25":{"start":{"line":40,"column":16},"end":{"line":40,"column":32}},"26":{"start":{"line":41,"column":20},"end":{"line":41,"column":56}},"27":{"start":{"line":42,"column":4},"end":{"line":44,"column":5}},"28":{"start":{"line":43,"column":6},"end":{"line":43,"column":19}},"29":{"start":{"line":47,"column":2},"end":{"line":47,"column":15}},"30":{"start":{"line":50,"column":0},"end":{"line":53,"column":2}}},"fnMap":{"0":{"name":"getNextNumber","decl":{"start":{"line":1,"column":31},"end":{"line":1,"column":44}},"loc":{"start":{"line":1,"column":64},"end":{"line":7,"column":1}},"line":1},"1":{"name":"getOppositeNumber","decl":{"start":{"line":9,"column":35},"end":{"line":9,"column":52}},"loc":{"start":{"line":9,"column":72},"end":{"line":15,"column":1}},"line":9},"2":{"name":"taskOne","decl":{"start":{"line":17,"column":25},"end":{"line":17,"column":32}},"loc":{"start":{"line":17,"column":40},"end":{"line":32,"column":1}},"line":17},"3":{"name":"(anonymous_3)","decl":{"start":{"line":22,"column":21},"end":{"line":22,"column":22}},"loc":{"start":{"line":22,"column":40},"end":{"line":29,"column":3}},"line":22},"4":{"name":"taskOne","decl":{"start":{"line":34,"column":25},"end":{"line":34,"column":32}},"loc":{"start":{"line":34,"column":40},"end":{"line":48,"column":1}},"line":34},"5":{"name":"(anonymous_5)","decl":{"start":{"line":39,"column":21},"end":{"line":39,"column":22}},"loc":{"start":{"line":39,"column":40},"end":{"line":45,"column":3}},"line":39}},"branchMap":{"0":{"loc":{"start":{"line":3,"column":2},"end":{"line":5,"column":3}},"type":"if","locations":[{"start":{"line":3,"column":2},"end":{"line":5,"column":3}},{"start":{"line":3,"column":2},"end":{"line":5,"column":3}}],"line":3},"1":{"loc":{"start":{"line":11,"column":2},"end":{"line":13,"column":3}},"type":"if","locations":[{"start":{"line":11,"column":2},"end":{"line":13,"column":3}},{"start":{"line":11,"column":2},"end":{"line":13,"column":3}}],"line":11},"2":{"loc":{"start":{"line":26,"column":4},"end":{"line":28,"column":5}},"type":"if","locations":[{"start":{"line":26,"column":4},"end":{"line":28,"column":5}},{"start":{"line":26,"column":4},"end":{"line":28,"column":5}}],"line":26},"3":{"loc":{"start":{"line":42,"column":4},"end":{"line":44,"column":5}},"type":"if","locations":[{"start":{"line":42,"column":4},"end":{"line":44,"column":5}},{"start":{"line":42,"column":4},"end":{"line":44,"column":5}}],"line":42}},"s":{"0":1,"1":20,"2":20,"3":4,"4":20,"5":1,"6":28,"7":28,"8":14,"9":28,"10":1,"11":4,"12":4,"13":4,"14":4,"15":20,"16":20,"17":20,"18":7,"19":4,"20":1,"21":5,"22":5,"23":5,"24":5,"25":28,"26":28,"27":28,"28":16,"29":5,"30":1},"f":{"0":20,"1":28,"2":4,"3":20,"4":5,"5":28},"b":{"0":[4,16],"1":[14,14],"2":[7,13],"3":[16,12]},"_coverageSchema":"332fd63041d2c1bcb487cc26dd0d5f7d97098a6c","hash":"15095c82d43de4dec562eacd69f39ecb05548981"}
,"/Users/terrarum/Development/adventofcode2017/src/day2/index.js": {"path":"/Users/terrarum/Development/adventofcode2017/src/day2/index.js","statementMap":{"0":{"start":{"line":1,"column":21},"end":{"line":19,"column":1}},"1":{"start":{"line":3,"column":2},"end":{"line":3,"column":33}},"2":{"start":{"line":6,"column":2},"end":{"line":6,"column":24}},"3":{"start":{"line":7,"column":2},"end":{"line":9,"column":5}},"4":{"start":{"line":8,"column":4},"end":{"line":8,"column":43}},"5":{"start":{"line":12,"column":2},"end":{"line":16,"column":5}},"6":{"start":{"line":13,"column":4},"end":{"line":15,"column":6}},"7":{"start":{"line":14,"column":6},"end":{"line":14,"column":30}},"8":{"start":{"line":18,"column":2},"end":{"line":18,"column":26}},"9":{"start":{"line":21,"column":24},"end":{"line":29,"column":1}},"10":{"start":{"line":22,"column":14},"end":{"line":22,"column":20}},"11":{"start":{"line":23,"column":2},"end":{"line":27,"column":5}},"12":{"start":{"line":24,"column":4},"end":{"line":26,"column":5}},"13":{"start":{"line":25,"column":6},"end":{"line":25,"column":19}},"14":{"start":{"line":28,"column":2},"end":{"line":28,"column":15}},"15":{"start":{"line":31,"column":23},"end":{"line":39,"column":1}},"16":{"start":{"line":32,"column":14},"end":{"line":32,"column":20}},"17":{"start":{"line":33,"column":2},"end":{"line":37,"column":5}},"18":{"start":{"line":34,"column":4},"end":{"line":36,"column":5}},"19":{"start":{"line":35,"column":6},"end":{"line":35,"column":19}},"20":{"start":{"line":38,"column":2},"end":{"line":38,"column":15}},"21":{"start":{"line":42,"column":31},"end":{"line":55,"column":1}},"22":{"start":{"line":43,"column":17},"end":{"line":43,"column":18}},"23":{"start":{"line":46,"column":2},"end":{"line":52,"column":5}},"24":{"start":{"line":47,"column":25},"end":{"line":47,"column":45}},"25":{"start":{"line":48,"column":24},"end":{"line":48,"column":43}},"26":{"start":{"line":50,"column":23},"end":{"line":50,"column":49}},"27":{"start":{"line":51,"column":4},"end":{"line":51,"column":27}},"28":{"start":{"line":54,"column":2},"end":{"line":54,"column":18}},"29":{"start":{"line":57,"column":16},"end":{"line":62,"column":1}},"30":{"start":{"line":58,"column":22},"end":{"line":58,"column":41}},"31":{"start":{"line":59,"column":19},"end":{"line":59,"column":54}},"32":{"start":{"line":61,"column":2},"end":{"line":61,"column":18}},"33":{"start":{"line":64,"column":16},"end":{"line":66,"column":1}},"34":{"start":{"line":65,"column":22},"end":{"line":65,"column":41}},"35":{"start":{"line":68,"column":0},"end":{"line":71,"column":2}}},"fnMap":{"0":{"name":"processArray","decl":{"start":{"line":1,"column":30},"end":{"line":1,"column":42}},"loc":{"start":{"line":1,"column":50},"end":{"line":19,"column":1}},"line":1},"1":{"name":"(anonymous_1)","decl":{"start":{"line":7,"column":21},"end":{"line":7,"column":22}},"loc":{"start":{"line":7,"column":30},"end":{"line":9,"column":3}},"line":7},"2":{"name":"(anonymous_2)","decl":{"start":{"line":12,"column":27},"end":{"line":12,"column":28}},"loc":{"start":{"line":12,"column":36},"end":{"line":16,"column":3}},"line":12},"3":{"name":"(anonymous_3)","decl":{"start":{"line":13,"column":16},"end":{"line":13,"column":17}},"loc":{"start":{"line":13,"column":29},"end":{"line":15,"column":5}},"line":13},"4":{"name":"getHighestValue","decl":{"start":{"line":21,"column":33},"end":{"line":21,"column":48}},"loc":{"start":{"line":21,"column":54},"end":{"line":29,"column":1}},"line":21},"5":{"name":"(anonymous_5)","decl":{"start":{"line":23,"column":14},"end":{"line":23,"column":15}},"loc":{"start":{"line":23,"column":24},"end":{"line":27,"column":3}},"line":23},"6":{"name":"getLowestValue","decl":{"start":{"line":31,"column":32},"end":{"line":31,"column":46}},"loc":{"start":{"line":31,"column":52},"end":{"line":39,"column":1}},"line":31},"7":{"name":"(anonymous_7)","decl":{"start":{"line":33,"column":14},"end":{"line":33,"column":15}},"loc":{"start":{"line":33,"column":24},"end":{"line":37,"column":3}},"line":33},"8":{"name":"calculateRowDifference","decl":{"start":{"line":42,"column":40},"end":{"line":42,"column":62}},"loc":{"start":{"line":42,"column":76},"end":{"line":55,"column":1}},"line":42},"9":{"name":"(anonymous_9)","decl":{"start":{"line":46,"column":22},"end":{"line":46,"column":23}},"loc":{"start":{"line":46,"column":31},"end":{"line":52,"column":3}},"line":46},"10":{"name":"taskOne","decl":{"start":{"line":57,"column":25},"end":{"line":57,"column":32}},"loc":{"start":{"line":57,"column":40},"end":{"line":62,"column":1}},"line":57},"11":{"name":"taskTwo","decl":{"start":{"line":64,"column":25},"end":{"line":64,"column":32}},"loc":{"start":{"line":64,"column":40},"end":{"line":66,"column":1}},"line":64}},"branchMap":{"0":{"loc":{"start":{"line":24,"column":4},"end":{"line":26,"column":5}},"type":"if","locations":[{"start":{"line":24,"column":4},"end":{"line":26,"column":5}},{"start":{"line":24,"column":4},"end":{"line":26,"column":5}}],"line":24},"1":{"loc":{"start":{"line":34,"column":4},"end":{"line":36,"column":5}},"type":"if","locations":[{"start":{"line":34,"column":4},"end":{"line":36,"column":5}},{"start":{"line":34,"column":4},"end":{"line":36,"column":5}}],"line":34}},"s":{"0":1,"1":2,"2":2,"3":2,"4":6,"5":2,"6":6,"7":6,"8":2,"9":1,"10":3,"11":3,"12":3,"13":0,"14":3,"15":1,"16":3,"17":3,"18":3,"19":0,"20":3,"21":1,"22":1,"23":1,"24":3,"25":3,"26":3,"27":3,"28":1,"29":1,"30":1,"31":1,"32":1,"33":1,"34":1,"35":1},"f":{"0":2,"1":6,"2":6,"3":6,"4":3,"5":3,"6":3,"7":3,"8":1,"9":3,"10":1,"11":1},"b":{"0":[0,3],"1":[0,3]},"_coverageSchema":"332fd63041d2c1bcb487cc26dd0d5f7d97098a6c","hash":"c50d3de60446aa2fa65304a7eb457a09c17d1e01"}
}
