{"/Users/terrarum/Development/adventofcode2017/src/day1/index.js": {"path":"/Users/terrarum/Development/adventofcode2017/src/day1/index.js","statementMap":{"0":{"start":{"line":1,"column":22},"end":{"line":7,"column":1}},"1":{"start":{"line":2,"column":2},"end":{"line":2,"column":13}},"2":{"start":{"line":3,"column":2},"end":{"line":5,"column":3}},"3":{"start":{"line":4,"column":4},"end":{"line":4,"column":14}},"4":{"start":{"line":6,"column":2},"end":{"line":6,"column":37}},"5":{"start":{"line":9,"column":26},"end":{"line":15,"column":1}},"6":{"start":{"line":10,"column":2},"end":{"line":10,"column":33}},"7":{"start":{"line":11,"column":2},"end":{"line":13,"column":3}},"8":{"start":{"line":12,"column":4},"end":{"line":12,"column":31}},"9":{"start":{"line":14,"column":2},"end":{"line":14,"column":37}},"10":{"start":{"line":17,"column":16},"end":{"line":32,"column":1}},"11":{"start":{"line":18,"column":2},"end":{"line":18,"column":27}},"12":{"start":{"line":19,"column":21},"end":{"line":19,"column":36}},"13":{"start":{"line":20,"column":14},"end":{"line":20,"column":15}},"14":{"start":{"line":22,"column":2},"end":{"line":29,"column":5}},"15":{"start":{"line":23,"column":16},"end":{"line":23,"column":32}},"16":{"start":{"line":24,"column":20},"end":{"line":24,"column":52}},"17":{"start":{"line":26,"column":4},"end":{"line":28,"column":5}},"18":{"start":{"line":27,"column":6},"end":{"line":27,"column":19}},"19":{"start":{"line":31,"column":2},"end":{"line":31,"column":15}},"20":{"start":{"line":34,"column":16},"end":{"line":48,"column":1}},"21":{"start":{"line":35,"column":2},"end":{"line":35,"column":27}},"22":{"start":{"line":36,"column":21},"end":{"line":36,"column":36}},"23":{"start":{"line":37,"column":14},"end":{"line":37,"column":15}},"24":{"start":{"line":39,"column":2},"end":{"line":45,"column":5}},"25":{"start":{"line":40,"column":16},"end":{"line":40,"column":32}},"26":{"start":{"line":41,"column":20},"end":{"line":41,"column":56}},"27":{"start":{"line":42,"column":4},"end":{"line":44,"column":5}},"28":{"start":{"line":43,"column":6},"end":{"line":43,"column":19}},"29":{"start":{"line":47,"column":2},"end":{"line":47,"column":15}},"30":{"start":{"line":50,"column":0},"end":{"line":53,"column":2}}},"fnMap":{"0":{"name":"getNextNumber","decl":{"start":{"line":1,"column":31},"end":{"line":1,"column":44}},"loc":{"start":{"line":1,"column":64},"end":{"line":7,"column":1}},"line":1},"1":{"name":"getOppositeNumber","decl":{"start":{"line":9,"column":35},"end":{"line":9,"column":52}},"loc":{"start":{"line":9,"column":72},"end":{"line":15,"column":1}},"line":9},"2":{"name":"taskOne","decl":{"start":{"line":17,"column":25},"end":{"line":17,"column":32}},"loc":{"start":{"line":17,"column":40},"end":{"line":32,"column":1}},"line":17},"3":{"name":"(anonymous_3)","decl":{"start":{"line":22,"column":21},"end":{"line":22,"column":22}},"loc":{"start":{"line":22,"column":40},"end":{"line":29,"column":3}},"line":22},"4":{"name":"taskOne","decl":{"start":{"line":34,"column":25},"end":{"line":34,"column":32}},"loc":{"start":{"line":34,"column":40},"end":{"line":48,"column":1}},"line":34},"5":{"name":"(anonymous_5)","decl":{"start":{"line":39,"column":21},"end":{"line":39,"column":22}},"loc":{"start":{"line":39,"column":40},"end":{"line":45,"column":3}},"line":39}},"branchMap":{"0":{"loc":{"start":{"line":3,"column":2},"end":{"line":5,"column":3}},"type":"if","locations":[{"start":{"line":3,"column":2},"end":{"line":5,"column":3}},{"start":{"line":3,"column":2},"end":{"line":5,"column":3}}],"line":3},"1":{"loc":{"start":{"line":11,"column":2},"end":{"line":13,"column":3}},"type":"if","locations":[{"start":{"line":11,"column":2},"end":{"line":13,"column":3}},{"start":{"line":11,"column":2},"end":{"line":13,"column":3}}],"line":11},"2":{"loc":{"start":{"line":26,"column":4},"end":{"line":28,"column":5}},"type":"if","locations":[{"start":{"line":26,"column":4},"end":{"line":28,"column":5}},{"start":{"line":26,"column":4},"end":{"line":28,"column":5}}],"line":26},"3":{"loc":{"start":{"line":42,"column":4},"end":{"line":44,"column":5}},"type":"if","locations":[{"start":{"line":42,"column":4},"end":{"line":44,"column":5}},{"start":{"line":42,"column":4},"end":{"line":44,"column":5}}],"line":42}},"s":{"0":1,"1":20,"2":20,"3":4,"4":20,"5":1,"6":28,"7":28,"8":14,"9":28,"10":1,"11":4,"12":4,"13":4,"14":4,"15":20,"16":20,"17":20,"18":7,"19":4,"20":1,"21":5,"22":5,"23":5,"24":5,"25":28,"26":28,"27":28,"28":16,"29":5,"30":1},"f":{"0":20,"1":28,"2":4,"3":20,"4":5,"5":28},"b":{"0":[4,16],"1":[14,14],"2":[7,13],"3":[16,12]},"_coverageSchema":"332fd63041d2c1bcb487cc26dd0d5f7d97098a6c","hash":"15095c82d43de4dec562eacd69f39ecb05548981"}
}
