TN:
SF:/Users/terrarum/Development/adventofcode2017/src/day1/index.js
FN:1,getNextNumber
FN:9,getOppositeNumber
FN:17,taskOne
FN:22,(anonymous_3)
FN:34,taskOne
FN:39,(anonymous_5)
FNF:6
FNH:6
FNDA:20,getNextNumber
FNDA:28,getOppositeNumber
FNDA:4,taskOne
FNDA:20,(anonymous_3)
FNDA:5,taskOne
FNDA:28,(anonymous_5)
DA:1,1
DA:2,20
DA:3,20
DA:4,4
DA:6,20
DA:9,1
DA:10,28
DA:11,28
DA:12,14
DA:14,28
DA:17,1
DA:18,4
DA:19,4
DA:20,4
DA:22,4
DA:23,20
DA:24,20
DA:26,20
DA:27,7
DA:31,4
DA:34,1
DA:35,5
DA:36,5
DA:37,5
DA:39,5
DA:40,28
DA:41,28
DA:42,28
DA:43,16
DA:47,5
DA:50,1
LF:31
LH:31
BRDA:3,0,0,4
BRDA:3,0,1,16
BRDA:11,1,0,14
BRDA:11,1,1,14
BRDA:26,2,0,7
BRDA:26,2,1,13
BRDA:42,3,0,16
BRDA:42,3,1,12
BRF:8
BRH:8
end_of_record
