TN:
SF:/Users/terrarum/Development/adventofcode2017/src/day1/index.js
FN:1,getNextNumber
FN:9,getOppositeNumber
FN:17,taskOne
FN:22,(anonymous_3)
FN:34,taskOne
FN:39,(anonymous_5)
FNF:6
FNH:6
FNDA:20,getNextNumber
FNDA:28,getOppositeNumber
FNDA:4,taskOne
FNDA:20,(anonymous_3)
FNDA:5,taskOne
FNDA:28,(anonymous_5)
DA:1,1
DA:2,20
DA:3,20
DA:4,4
DA:6,20
DA:9,1
DA:10,28
DA:11,28
DA:12,14
DA:14,28
DA:17,1
DA:18,4
DA:19,4
DA:20,4
DA:22,4
DA:23,20
DA:24,20
DA:26,20
DA:27,7
DA:31,4
DA:34,1
DA:35,5
DA:36,5
DA:37,5
DA:39,5
DA:40,28
DA:41,28
DA:42,28
DA:43,16
DA:47,5
DA:50,1
LF:31
LH:31
BRDA:3,0,0,4
BRDA:3,0,1,16
BRDA:11,1,0,14
BRDA:11,1,1,14
BRDA:26,2,0,7
BRDA:26,2,1,13
BRDA:42,3,0,16
BRDA:42,3,1,12
BRF:8
BRH:8
end_of_record
TN:
SF:/Users/terrarum/Development/adventofcode2017/src/day2/index.js
FN:1,processArray
FN:7,(anonymous_1)
FN:12,(anonymous_2)
FN:13,(anonymous_3)
FN:21,getHighestValue
FN:23,(anonymous_5)
FN:31,getLowestValue
FN:33,(anonymous_7)
FN:42,calculateRowDifference
FN:46,(anonymous_9)
FN:57,taskOne
FN:64,taskTwo
FNF:12
FNH:12
FNDA:2,processArray
FNDA:6,(anonymous_1)
FNDA:6,(anonymous_2)
FNDA:6,(anonymous_3)
FNDA:3,getHighestValue
FNDA:3,(anonymous_5)
FNDA:3,getLowestValue
FNDA:3,(anonymous_7)
FNDA:1,calculateRowDifference
FNDA:3,(anonymous_9)
FNDA:1,taskOne
FNDA:1,taskTwo
DA:1,1
DA:3,2
DA:6,2
DA:7,2
DA:8,6
DA:12,2
DA:13,6
DA:14,6
DA:18,2
DA:21,1
DA:22,3
DA:23,3
DA:24,3
DA:25,0
DA:28,3
DA:31,1
DA:32,3
DA:33,3
DA:34,3
DA:35,0
DA:38,3
DA:42,1
DA:43,1
DA:46,1
DA:47,3
DA:48,3
DA:50,3
DA:51,3
DA:54,1
DA:57,1
DA:58,1
DA:59,1
DA:61,1
DA:64,1
DA:65,1
DA:68,1
LF:36
LH:34
BRDA:24,0,0,0
BRDA:24,0,1,3
BRDA:34,1,0,0
BRDA:34,1,1,3
BRF:4
BRH:2
end_of_record
